<?xml version="1.0" encoding="UTF-8"?>
<coverage generated="1751807388898" clover="3.2.0">
  <project timestamp="1751807388898" name="All files">
    <metrics statements="93" coveredstatements="85" conditionals="47" coveredconditionals="37" methods="20" coveredmethods="19" elements="160" coveredelements="141" complexity="0" loc="93" ncloc="93" packages="4" files="9" classes="9"/>
    <package name="src">
      <metrics statements="21" coveredstatements="20" conditionals="12" coveredconditionals="11" methods="4" coveredmethods="4"/>
      <file name="authorize.ts" path="/Users/olapadejoseph/Projects/TypescriptTest/dynamic_calculations/src/authorize.ts">
        <metrics statements="7" coveredstatements="7" conditionals="3" coveredconditionals="2" methods="1" coveredmethods="1"/>
        <line num="1" count="3" type="stmt"/>
        <line num="4" count="3" type="stmt"/>
        <line num="12" count="5" type="stmt"/>
        <line num="13" count="5" type="stmt"/>
        <line num="14" count="5" type="cond" truecount="2" falsecount="1"/>
        <line num="15" count="5" type="stmt"/>
        <line num="18" count="3" type="stmt"/>
      </file>
      <file name="calculate.ts" path="/Users/olapadejoseph/Projects/TypescriptTest/dynamic_calculations/src/calculate.ts">
        <metrics statements="14" coveredstatements="13" conditionals="9" coveredconditionals="9" methods="3" coveredmethods="3"/>
        <line num="2" count="3" type="stmt"/>
        <line num="5" count="4" type="stmt"/>
        <line num="6" count="4" type="stmt"/>
        <line num="7" count="4" type="stmt"/>
        <line num="12" count="7" type="cond" truecount="3" falsecount="0"/>
        <line num="13" count="3" type="stmt"/>
        <line num="17" count="4" type="cond" truecount="3" falsecount="0"/>
        <line num="18" count="4" type="stmt"/>
        <line num="19" count="4" type="stmt"/>
        <line num="20" count="4" type="cond" truecount="3" falsecount="0"/>
        <line num="21" count="3" type="stmt"/>
        <line num="23" count="4" type="stmt"/>
        <line num="27" count="0" type="stmt"/>
        <line num="30" count="3" type="stmt"/>
      </file>
    </package>
    <package name="src.common">
      <metrics statements="14" coveredstatements="14" conditionals="6" coveredconditionals="6" methods="2" coveredmethods="2"/>
      <file name="db.ts" path="/Users/olapadejoseph/Projects/TypescriptTest/dynamic_calculations/src/common/db.ts">
        <metrics statements="14" coveredstatements="14" conditionals="6" coveredconditionals="6" methods="2" coveredmethods="2"/>
        <line num="1" count="3" type="stmt"/>
        <line num="3" count="3" type="stmt"/>
        <line num="4" count="3" type="stmt"/>
        <line num="17" count="3" type="stmt"/>
        <line num="19" count="3" type="cond" truecount="2" falsecount="0"/>
        <line num="20" count="3" type="stmt"/>
        <line num="21" count="3" type="stmt"/>
        <line num="22" count="3" type="stmt"/>
        <line num="23" count="3" type="stmt"/>
        <line num="26" count="3" type="cond" truecount="2" falsecount="0"/>
        <line num="27" count="3" type="stmt"/>
        <line num="28" count="3" type="stmt"/>
        <line num="29" count="3" type="stmt"/>
        <line num="32" count="3" type="stmt"/>
      </file>
    </package>
    <package name="src.handlers">
      <metrics statements="16" coveredstatements="16" conditionals="17" coveredconditionals="13" methods="5" coveredmethods="5"/>
      <file name="counter.ts" path="/Users/olapadejoseph/Projects/TypescriptTest/dynamic_calculations/src/handlers/counter.ts">
        <metrics statements="3" coveredstatements="3" conditionals="2" coveredconditionals="1" methods="2" coveredmethods="2"/>
        <line num="5" count="3" type="cond" truecount="1" falsecount="1"/>
        <line num="6" count="1" type="stmt"/>
        <line num="16" count="3" type="stmt"/>
      </file>
      <file name="index.ts" path="/Users/olapadejoseph/Projects/TypescriptTest/dynamic_calculations/src/handlers/index.ts">
        <metrics statements="6" coveredstatements="6" conditionals="4" coveredconditionals="4" methods="1" coveredmethods="1"/>
        <line num="1" count="3" type="stmt"/>
        <line num="2" count="3" type="stmt"/>
        <line num="6" count="12" type="cond" truecount="2" falsecount="0"/>
        <line num="7" count="12" type="cond" truecount="1" falsecount="0"/>
        <line num="8" count="5" type="cond" truecount="1" falsecount="0"/>
        <line num="12" count="3" type="stmt"/>
      </file>
      <file name="newest.ts" path="/Users/olapadejoseph/Projects/TypescriptTest/dynamic_calculations/src/handlers/newest.ts">
        <metrics statements="7" coveredstatements="7" conditionals="11" coveredconditionals="8" methods="2" coveredmethods="2"/>
        <line num="5" count="1" type="cond" truecount="2" falsecount="1"/>
        <line num="7" count="1" type="stmt"/>
        <line num="8" count="2" type="cond" truecount="2" falsecount="1"/>
        <line num="9" count="2" type="cond" truecount="3" falsecount="0"/>
        <line num="10" count="1" type="cond" truecount="1" falsecount="1"/>
        <line num="11" count="1" type="stmt"/>
        <line num="16" count="3" type="stmt"/>
      </file>
    </package>
    <package name="src.models">
      <metrics statements="42" coveredstatements="35" conditionals="12" coveredconditionals="7" methods="9" coveredmethods="8"/>
      <file name="action.ts" path="/Users/olapadejoseph/Projects/TypescriptTest/dynamic_calculations/src/models/action.ts">
        <metrics statements="24" coveredstatements="18" conditionals="7" coveredconditionals="4" methods="6" coveredmethods="5"/>
        <line num="1" count="3" type="stmt"/>
        <line num="3" count="3" type="stmt"/>
        <line num="4" count="3" type="stmt"/>
        <line num="6" count="3" type="stmt"/>
        <line num="16" count="12" type="cond" truecount="2" falsecount="0"/>
        <line num="17" count="12" type="stmt"/>
        <line num="18" count="12" type="stmt"/>
        <line num="19" count="12" type="stmt"/>
        <line num="20" count="12" type="cond" truecount="2" falsecount="0"/>
        <line num="21" count="12" type="stmt"/>
        <line num="22" count="12" type="stmt"/>
        <line num="26" count="9" type="stmt"/>
        <line num="29" count="9" type="cond" truecount="0" falsecount="1"/>
        <line num="30" count="0" type="stmt"/>
        <line num="33" count="9" type="stmt"/>
        <line num="37" count="0" type="stmt"/>
        <line num="43" count="0" type="cond" truecount="0" falsecount="1"/>
        <line num="44" count="0" type="stmt"/>
        <line num="47" count="0" type="stmt"/>
        <line num="51" count="4" type="stmt"/>
        <line num="57" count="4" type="cond" truecount="0" falsecount="1"/>
        <line num="58" count="0" type="stmt"/>
        <line num="62" count="20" type="stmt"/>
        <line num="63" count="4" type="stmt"/>
      </file>
      <file name="role.ts" path="/Users/olapadejoseph/Projects/TypescriptTest/dynamic_calculations/src/models/role.ts">
        <metrics statements="9" coveredstatements="9" conditionals="4" coveredconditionals="3" methods="1" coveredmethods="1"/>
        <line num="2" count="3" type="stmt"/>
        <line num="3" count="3" type="stmt"/>
        <line num="4" count="3" type="stmt"/>
        <line num="5" count="3" type="stmt"/>
        <line num="8" count="17" type="cond" truecount="1" falsecount="0"/>
        <line num="9" count="13" type="cond" truecount="0" falsecount="1"/>
        <line num="10" count="13" type="cond" truecount="1" falsecount="0"/>
        <line num="11" count="12" type="cond" truecount="1" falsecount="0"/>
        <line num="15" count="3" type="stmt"/>
      </file>
      <file name="user.ts" path="/Users/olapadejoseph/Projects/TypescriptTest/dynamic_calculations/src/models/user.ts">
        <metrics statements="9" coveredstatements="8" conditionals="1" coveredconditionals="0" methods="2" coveredmethods="2"/>
        <line num="1" count="3" type="stmt"/>
        <line num="2" count="3" type="stmt"/>
        <line num="9" count="5" type="stmt"/>
        <line num="10" count="5" type="stmt"/>
        <line num="14" count="5" type="stmt"/>
        <line num="17" count="5" type="cond" truecount="0" falsecount="1"/>
        <line num="18" count="0" type="stmt"/>
        <line num="21" count="5" type="stmt"/>
        <line num="25" count="3" type="stmt"/>
      </file>
    </package>
  </project>
</coverage>
