{"/Users/olapadejoseph/Projects/TypescriptTest/dynamic_calculations/src/authorize.ts": {"path":"/Users/olapadejoseph/Projects/TypescriptTest/dynamic_calculations/src/authorize.ts","statementMap":{"0":{"start":{"line":1,"column":0},"end":{"line":1,"column":33}},"1":{"start":{"line":4,"column":22},"end":{"line":9,"column":2}},"2":{"start":{"line":12,"column":24},"end":{"line":12,"column":56}},"3":{"start":{"line":13,"column":26},"end":{"line":13,"column":60}},"4":{"start":{"line":14,"column":2},"end":{"line":14,"column":67}},"5":{"start":{"line":14,"column":54},"end":{"line":14,"column":67}},"6":{"start":{"line":15,"column":2},"end":{"line":15,"column":42}},"7":{"start":{"line":18,"column":0},"end":{"line":18,"column":25}}},"fnMap":{"0":{"name":"authorize","decl":{"start":{"line":11,"column":9},"end":{"line":11,"column":18}},"loc":{"start":{"line":11,"column":31},"end":{"line":16,"column":1}}}},"branchMap":{"0":{"loc":{"start":{"line":14,"column":2},"end":{"line":14,"column":67}},"type":"if","locations":[{"start":{"line":14,"column":2},"end":{"line":14,"column":67}}]},"1":{"loc":{"start":{"line":14,"column":6},"end":{"line":14,"column":52}},"type":"binary-expr","locations":[{"start":{"line":14,"column":6},"end":{"line":14,"column":26}},{"start":{"line":14,"column":30},"end":{"line":14,"column":52}}]}},"s":{"0":3,"1":3,"2":5,"3":5,"4":5,"5":0,"6":5,"7":3},"f":{"0":5},"b":{"0":[0],"1":[5,5]}}
,"/Users/olapadejoseph/Projects/TypescriptTest/dynamic_calculations/src/calculate.ts": {"path":"/Users/olapadejoseph/Projects/TypescriptTest/dynamic_calculations/src/calculate.ts","statementMap":{"0":{"start":{"line":2,"column":0},"end":{"line":2,"column":41}},"1":{"start":{"line":5,"column":23},"end":{"line":5,"column":45}},"2":{"start":{"line":6,"column":17},"end":{"line":6,"column":47}},"3":{"start":{"line":7,"column":2},"end":{"line":7,"column":39}},"4":{"start":{"line":12,"column":2},"end":{"line":14,"column":3}},"5":{"start":{"line":13,"column":4},"end":{"line":13,"column":23}},"6":{"start":{"line":17,"column":2},"end":{"line":24,"column":3}},"7":{"start":{"line":18,"column":25},"end":{"line":18,"column":55}},"8":{"start":{"line":19,"column":30},"end":{"line":19,"column":32}},"9":{"start":{"line":20,"column":4},"end":{"line":22,"column":5}},"10":{"start":{"line":21,"column":6},"end":{"line":21,"column":91}},"11":{"start":{"line":21,"column":69},"end":{"line":21,"column":88}},"12":{"start":{"line":23,"column":4},"end":{"line":23,"column":50}},"13":{"start":{"line":27,"column":2},"end":{"line":27,"column":12}},"14":{"start":{"line":30,"column":0},"end":{"line":30,"column":25}}},"fnMap":{"0":{"name":"calculate","decl":{"start":{"line":4,"column":15},"end":{"line":4,"column":24}},"loc":{"start":{"line":4,"column":44},"end":{"line":8,"column":1}}},"1":{"name":"calculateAction","decl":{"start":{"line":10,"column":15},"end":{"line":10,"column":30}},"loc":{"start":{"line":10,"column":42},"end":{"line":28,"column":1}}},"2":{"name":"(anonymous_2)","decl":{"start":{"line":21,"column":56},"end":{"line":21,"column":57}},"loc":{"start":{"line":21,"column":69},"end":{"line":21,"column":88}}}},"branchMap":{"0":{"loc":{"start":{"line":12,"column":2},"end":{"line":14,"column":3}},"type":"if","locations":[{"start":{"line":12,"column":2},"end":{"line":14,"column":3}}]},"1":{"loc":{"start":{"line":12,"column":6},"end":{"line":12,"column":36}},"type":"binary-expr","locations":[{"start":{"line":12,"column":6},"end":{"line":12,"column":17}},{"start":{"line":12,"column":21},"end":{"line":12,"column":36}}]},"2":{"loc":{"start":{"line":17,"column":2},"end":{"line":24,"column":3}},"type":"if","locations":[{"start":{"line":17,"column":2},"end":{"line":24,"column":3}}]},"3":{"loc":{"start":{"line":17,"column":6},"end":{"line":17,"column":67}},"type":"binary-expr","locations":[{"start":{"line":17,"column":6},"end":{"line":17,"column":20}},{"start":{"line":17,"column":24},"end":{"line":17,"column":67}}]},"4":{"loc":{"start":{"line":20,"column":4},"end":{"line":22,"column":5}},"type":"if","locations":[{"start":{"line":20,"column":4},"end":{"line":22,"column":5}}]},"5":{"loc":{"start":{"line":20,"column":8},"end":{"line":20,"column":47}},"type":"binary-expr","locations":[{"start":{"line":20,"column":8},"end":{"line":20,"column":20}},{"start":{"line":20,"column":24},"end":{"line":20,"column":47}}]}},"s":{"0":3,"1":4,"2":4,"3":4,"4":7,"5":3,"6":4,"7":4,"8":4,"9":4,"10":2,"11":3,"12":4,"13":0,"14":3},"f":{"0":4,"1":7,"2":3},"b":{"0":[3],"1":[7,3],"2":[4],"3":[4,4],"4":[2],"5":[4,4]}}
,"/Users/olapadejoseph/Projects/TypescriptTest/dynamic_calculations/src/common/db.ts": {"path":"/Users/olapadejoseph/Projects/TypescriptTest/dynamic_calculations/src/common/db.ts","statementMap":{"0":{"start":{"line":1,"column":0},"end":{"line":1,"column":58}},"1":{"start":{"line":3,"column":15},"end":{"line":3,"column":41}},"2":{"start":{"line":4,"column":12},"end":{"line":14,"column":null}},"3":{"start":{"line":17,"column":17},"end":{"line":17,"column":43}},"4":{"start":{"line":32,"column":9},"end":{"line":32,"column":17}},"5":{"start":{"line":19,"column":0},"end":{"line":19,"column":null}},"6":{"start":{"line":20,"column":2},"end":{"line":20,"column":null}},"7":{"start":{"line":21,"column":2},"end":{"line":21,"column":null}},"8":{"start":{"line":22,"column":2},"end":{"line":22,"column":null}},"9":{"start":{"line":23,"column":2},"end":{"line":23,"column":null}},"10":{"start":{"line":26,"column":0},"end":{"line":26,"column":null}},"11":{"start":{"line":27,"column":2},"end":{"line":27,"column":null}},"12":{"start":{"line":28,"column":2},"end":{"line":28,"column":null}},"13":{"start":{"line":29,"column":2},"end":{"line":29,"column":null}}},"fnMap":{"0":{"name":"(anonymous_0)","decl":{"start":{"line":19,"column":0},"end":{"line":19,"column":5}},"loc":{"start":{"line":19,"column":15},"end":{"line":24,"column":1}}},"1":{"name":"(anonymous_1)","decl":{"start":{"line":26,"column":0},"end":{"line":26,"column":5}},"loc":{"start":{"line":26,"column":14},"end":{"line":30,"column":1}}}},"branchMap":{"0":{"loc":{"start":{"line":6,"column":6},"end":{"line":14,"column":4}},"type":"binary-expr","locations":[{"start":{"line":6,"column":6},"end":{"line":6,"column":12}},{"start":{"line":6,"column":16},"end":{"line":14,"column":4}}]},"1":{"loc":{"start":{"line":19,"column":5},"end":{"line":19,"column":null}},"type":"binary-expr","locations":[{"start":{"line":19,"column":5},"end":{"line":19,"column":15}},{"start":{"line":19,"column":15},"end":{"line":19,"column":null}}]},"2":{"loc":{"start":{"line":26,"column":5},"end":{"line":26,"column":null}},"type":"binary-expr","locations":[{"start":{"line":26,"column":5},"end":{"line":26,"column":14}},{"start":{"line":26,"column":14},"end":{"line":26,"column":null}}]}},"s":{"0":3,"1":3,"2":3,"3":3,"4":3,"5":3,"6":3,"7":3,"8":3,"9":3,"10":3,"11":3,"12":3,"13":3},"f":{"0":3,"1":3},"b":{"0":[3,3],"1":[3,3],"2":[3,3]}}
,"/Users/olapadejoseph/Projects/TypescriptTest/dynamic_calculations/src/handlers/counter.ts": {"path":"/Users/olapadejoseph/Projects/TypescriptTest/dynamic_calculations/src/handlers/counter.ts","statementMap":{"0":{"start":{"line":5,"column":4},"end":{"line":12,"column":6}},"1":{"start":{"line":6,"column":16},"end":{"line":8,"column":8}},"2":{"start":{"line":16,"column":0},"end":{"line":16,"column":23}}},"fnMap":{"0":{"name":"(anonymous_0)","decl":{"start":{"line":4,"column":2},"end":{"line":4,"column":8}},"loc":{"start":{"line":4,"column":26},"end":{"line":13,"column":3}}},"1":{"name":"(anonymous_1)","decl":{"start":{"line":6,"column":6},"end":{"line":6,"column":7}},"loc":{"start":{"line":6,"column":16},"end":{"line":8,"column":8}}}},"branchMap":{"0":{"loc":{"start":{"line":5,"column":12},"end":{"line":5,"column":25}},"type":"binary-expr","locations":[{"start":{"line":5,"column":12},"end":{"line":5,"column":19}},{"start":{"line":5,"column":23},"end":{"line":5,"column":25}}]}},"s":{"0":3,"1":1,"2":3},"f":{"0":3,"1":1},"b":{"0":[3,0]}}
,"/Users/olapadejoseph/Projects/TypescriptTest/dynamic_calculations/src/handlers/index.ts": {"path":"/Users/olapadejoseph/Projects/TypescriptTest/dynamic_calculations/src/handlers/index.ts","statementMap":{"0":{"start":{"line":1,"column":0},"end":{"line":1,"column":32}},"1":{"start":{"line":2,"column":0},"end":{"line":2,"column":30}},"2":{"start":{"line":6,"column":24},"end":{"line":6,"column":51}},"3":{"start":{"line":7,"column":4},"end":{"line":7,"column":50}},"4":{"start":{"line":7,"column":35},"end":{"line":7,"column":50}},"5":{"start":{"line":8,"column":4},"end":{"line":8,"column":48}},"6":{"start":{"line":8,"column":34},"end":{"line":8,"column":48}},"7":{"start":{"line":12,"column":0},"end":{"line":12,"column":23}}},"fnMap":{"0":{"name":"(anonymous_1)","decl":{"start":{"line":5,"column":2},"end":{"line":5,"column":8}},"loc":{"start":{"line":5,"column":19},"end":{"line":9,"column":3}}}},"branchMap":{"0":{"loc":{"start":{"line":6,"column":24},"end":{"line":6,"column":51}},"type":"binary-expr","locations":[{"start":{"line":6,"column":24},"end":{"line":6,"column":34}},{"start":{"line":6,"column":38},"end":{"line":6,"column":51}}]},"1":{"loc":{"start":{"line":7,"column":4},"end":{"line":7,"column":50}},"type":"if","locations":[{"start":{"line":7,"column":4},"end":{"line":7,"column":50}}]},"2":{"loc":{"start":{"line":8,"column":4},"end":{"line":8,"column":48}},"type":"if","locations":[{"start":{"line":8,"column":4},"end":{"line":8,"column":48}}]}},"s":{"0":3,"1":3,"2":12,"3":12,"4":7,"5":5,"6":2,"7":3},"f":{"0":12},"b":{"0":[12,12],"1":[7],"2":[2]}}
,"/Users/olapadejoseph/Projects/TypescriptTest/dynamic_calculations/src/handlers/newest.ts": {"path":"/Users/olapadejoseph/Projects/TypescriptTest/dynamic_calculations/src/handlers/newest.ts","statementMap":{"0":{"start":{"line":5,"column":4},"end":{"line":5,"column":59}},"1":{"start":{"line":5,"column":42},"end":{"line":5,"column":59}},"2":{"start":{"line":7,"column":4},"end":{"line":12,"column":18}},"3":{"start":{"line":8,"column":6},"end":{"line":8,"column":50}},"4":{"start":{"line":8,"column":36},"end":{"line":8,"column":50}},"5":{"start":{"line":9,"column":6},"end":{"line":9,"column":52}},"6":{"start":{"line":9,"column":40},"end":{"line":9,"column":52}},"7":{"start":{"line":10,"column":21},"end":{"line":10,"column":90}},"8":{"start":{"line":11,"column":6},"end":{"line":11,"column":20}},"9":{"start":{"line":16,"column":0},"end":{"line":16,"column":22}}},"fnMap":{"0":{"name":"(anonymous_0)","decl":{"start":{"line":4,"column":2},"end":{"line":4,"column":8}},"loc":{"start":{"line":4,"column":26},"end":{"line":13,"column":3}}},"1":{"name":"(anonymous_1)","decl":{"start":{"line":7,"column":26},"end":{"line":7,"column":27}},"loc":{"start":{"line":7,"column":43},"end":{"line":12,"column":5}}}},"branchMap":{"0":{"loc":{"start":{"line":5,"column":4},"end":{"line":5,"column":59}},"type":"if","locations":[{"start":{"line":5,"column":4},"end":{"line":5,"column":59}}]},"1":{"loc":{"start":{"line":5,"column":8},"end":{"line":5,"column":40}},"type":"binary-expr","locations":[{"start":{"line":5,"column":8},"end":{"line":5,"column":16}},{"start":{"line":5,"column":20},"end":{"line":5,"column":40}}]},"2":{"loc":{"start":{"line":8,"column":6},"end":{"line":8,"column":50}},"type":"if","locations":[{"start":{"line":8,"column":6},"end":{"line":8,"column":50}}]},"3":{"loc":{"start":{"line":8,"column":10},"end":{"line":8,"column":34}},"type":"binary-expr","locations":[{"start":{"line":8,"column":10},"end":{"line":8,"column":15}},{"start":{"line":8,"column":19},"end":{"line":8,"column":34}}]},"4":{"loc":{"start":{"line":9,"column":6},"end":{"line":9,"column":52}},"type":"if","locations":[{"start":{"line":9,"column":6},"end":{"line":9,"column":52}}]},"5":{"loc":{"start":{"line":9,"column":10},"end":{"line":9,"column":38}},"type":"binary-expr","locations":[{"start":{"line":9,"column":10},"end":{"line":9,"column":17}},{"start":{"line":9,"column":21},"end":{"line":9,"column":38}}]},"6":{"loc":{"start":{"line":10,"column":21},"end":{"line":10,"column":90}},"type":"cond-expr","locations":[{"start":{"line":10,"column":77},"end":{"line":10,"column":81}},{"start":{"line":10,"column":84},"end":{"line":10,"column":90}}]}},"s":{"0":1,"1":0,"2":1,"3":2,"4":0,"5":2,"6":1,"7":1,"8":1,"9":3},"f":{"0":1,"1":2},"b":{"0":[0],"1":[1,1],"2":[0],"3":[2,2],"4":[1],"5":[2,1],"6":[0,1]}}
,"/Users/olapadejoseph/Projects/TypescriptTest/dynamic_calculations/src/models/action.ts": {"path":"/Users/olapadejoseph/Projects/TypescriptTest/dynamic_calculations/src/models/action.ts","statementMap":{"0":{"start":{"line":1,"column":0},"end":{"line":1,"column":26}},"1":{"start":{"line":3,"column":0},"end":{"line":3,"column":52}},"2":{"start":{"line":4,"column":0},"end":{"line":4,"column":40}},"3":{"start":{"line":16,"column":4},"end":{"line":16,"column":35}},"4":{"start":{"line":17,"column":4},"end":{"line":17,"column":39}},"5":{"start":{"line":18,"column":4},"end":{"line":18,"column":43}},"6":{"start":{"line":19,"column":4},"end":{"line":19,"column":47}},"7":{"start":{"line":20,"column":4},"end":{"line":20,"column":52}},"8":{"start":{"line":21,"column":4},"end":{"line":21,"column":39}},"9":{"start":{"line":22,"column":4},"end":{"line":22,"column":27}},"10":{"start":{"line":26,"column":16},"end":{"line":27,"column":11}},"11":{"start":{"line":29,"column":4},"end":{"line":31,"column":5}},"12":{"start":{"line":30,"column":6},"end":{"line":30,"column":47}},"13":{"start":{"line":33,"column":4},"end":{"line":33,"column":27}},"14":{"start":{"line":37,"column":16},"end":{"line":41,"column":10}},"15":{"start":{"line":43,"column":4},"end":{"line":45,"column":5}},"16":{"start":{"line":44,"column":6},"end":{"line":44,"column":45}},"17":{"start":{"line":47,"column":4},"end":{"line":47,"column":27}},"18":{"start":{"line":51,"column":16},"end":{"line":55,"column":16}},"19":{"start":{"line":57,"column":4},"end":{"line":59,"column":5}},"20":{"start":{"line":58,"column":6},"end":{"line":58,"column":16}},"21":{"start":{"line":62,"column":25},"end":{"line":62,"column":82}},"22":{"start":{"line":62,"column":50},"end":{"line":62,"column":81}},"23":{"start":{"line":63,"column":4},"end":{"line":63,"column":56}},"24":{"start":{"line":63,"column":38},"end":{"line":63,"column":54}},"25":{"start":{"line":6,"column":0},"end":{"line":6,"column":13}}},"fnMap":{"0":{"name":"(anonymous_1)","decl":{"start":{"line":15,"column":2},"end":{"line":15,"column":14}},"loc":{"start":{"line":15,"column":19},"end":{"line":23,"column":3}}},"1":{"name":"(anonymous_2)","decl":{"start":{"line":25,"column":2},"end":{"line":25,"column":8}},"loc":{"start":{"line":25,"column":25},"end":{"line":34,"column":3}}},"2":{"name":"(anonymous_3)","decl":{"start":{"line":36,"column":2},"end":{"line":36,"column":7}},"loc":{"start":{"line":36,"column":23},"end":{"line":48,"column":3}}},"3":{"name":"(anonymous_4)","decl":{"start":{"line":50,"column":2},"end":{"line":50,"column":7}},"loc":{"start":{"line":50,"column":23},"end":{"line":64,"column":3}}},"4":{"name":"(anonymous_5)","decl":{"start":{"line":62,"column":42},"end":{"line":62,"column":46}},"loc":{"start":{"line":62,"column":50},"end":{"line":62,"column":81}}},"5":{"name":"(anonymous_6)","decl":{"start":{"line":63,"column":28},"end":{"line":63,"column":29}},"loc":{"start":{"line":63,"column":38},"end":{"line":63,"column":54}}}},"branchMap":{"0":{"loc":{"start":{"line":16,"column":14},"end":{"line":16,"column":34}},"type":"binary-expr","locations":[{"start":{"line":16,"column":14},"end":{"line":16,"column":22}},{"start":{"line":16,"column":26},"end":{"line":16,"column":34}}]},"1":{"loc":{"start":{"line":20,"column":26},"end":{"line":20,"column":50}},"type":"binary-expr","locations":[{"start":{"line":20,"column":26},"end":{"line":20,"column":36}},{"start":{"line":20,"column":40},"end":{"line":20,"column":50}}]},"2":{"loc":{"start":{"line":29,"column":4},"end":{"line":31,"column":5}},"type":"if","locations":[{"start":{"line":29,"column":4},"end":{"line":31,"column":5}}]},"3":{"loc":{"start":{"line":43,"column":4},"end":{"line":45,"column":5}},"type":"if","locations":[{"start":{"line":43,"column":4},"end":{"line":45,"column":5}}]},"4":{"loc":{"start":{"line":57,"column":4},"end":{"line":59,"column":5}},"type":"if","locations":[{"start":{"line":57,"column":4},"end":{"line":59,"column":5}}]}},"s":{"0":3,"1":3,"2":3,"3":12,"4":12,"5":12,"6":12,"7":12,"8":12,"9":12,"10":9,"11":9,"12":0,"13":9,"14":0,"15":0,"16":0,"17":0,"18":4,"19":4,"20":0,"21":4,"22":20,"23":4,"24":3,"25":3},"f":{"0":12,"1":9,"2":0,"3":4,"4":20,"5":3},"b":{"0":[12,12],"1":[12,10],"2":[0],"3":[0],"4":[0]}}
,"/Users/olapadejoseph/Projects/TypescriptTest/dynamic_calculations/src/models/role.ts": {"path":"/Users/olapadejoseph/Projects/TypescriptTest/dynamic_calculations/src/models/role.ts","statementMap":{"0":{"start":{"line":8,"column":4},"end":{"line":8,"column":52}},"1":{"start":{"line":8,"column":30},"end":{"line":8,"column":52}},"2":{"start":{"line":9,"column":4},"end":{"line":9,"column":56}},"3":{"start":{"line":9,"column":32},"end":{"line":9,"column":56}},"4":{"start":{"line":10,"column":4},"end":{"line":10,"column":64}},"5":{"start":{"line":10,"column":36},"end":{"line":10,"column":64}},"6":{"start":{"line":11,"column":4},"end":{"line":11,"column":54}},"7":{"start":{"line":11,"column":31},"end":{"line":11,"column":54}},"8":{"start":{"line":2,"column":9},"end":{"line":2,"column":40}},"9":{"start":{"line":3,"column":9},"end":{"line":3,"column":44}},"10":{"start":{"line":4,"column":9},"end":{"line":4,"column":52}},"11":{"start":{"line":5,"column":9},"end":{"line":5,"column":42}},"12":{"start":{"line":15,"column":0},"end":{"line":15,"column":20}}},"fnMap":{"0":{"name":"(anonymous_0)","decl":{"start":{"line":7,"column":2},"end":{"line":7,"column":8}},"loc":{"start":{"line":7,"column":19},"end":{"line":12,"column":3}}}},"branchMap":{"0":{"loc":{"start":{"line":8,"column":4},"end":{"line":8,"column":52}},"type":"if","locations":[{"start":{"line":8,"column":4},"end":{"line":8,"column":52}}]},"1":{"loc":{"start":{"line":9,"column":4},"end":{"line":9,"column":56}},"type":"if","locations":[{"start":{"line":9,"column":4},"end":{"line":9,"column":56}}]},"2":{"loc":{"start":{"line":10,"column":4},"end":{"line":10,"column":64}},"type":"if","locations":[{"start":{"line":10,"column":4},"end":{"line":10,"column":64}}]},"3":{"loc":{"start":{"line":11,"column":4},"end":{"line":11,"column":54}},"type":"if","locations":[{"start":{"line":11,"column":4},"end":{"line":11,"column":54}}]}},"s":{"0":17,"1":4,"2":13,"3":0,"4":13,"5":1,"6":12,"7":9,"8":3,"9":3,"10":3,"11":3,"12":3},"f":{"0":17},"b":{"0":[4],"1":[0],"2":[1],"3":[9]}}
,"/Users/olapadejoseph/Projects/TypescriptTest/dynamic_calculations/src/models/user.ts": {"path":"/Users/olapadejoseph/Projects/TypescriptTest/dynamic_calculations/src/models/user.ts","statementMap":{"0":{"start":{"line":1,"column":0},"end":{"line":1,"column":52}},"1":{"start":{"line":2,"column":0},"end":{"line":2,"column":26}},"2":{"start":{"line":9,"column":4},"end":{"line":9,"column":23}},"3":{"start":{"line":10,"column":4},"end":{"line":10,"column":38}},"4":{"start":{"line":14,"column":16},"end":{"line":15,"column":11}},"5":{"start":{"line":17,"column":4},"end":{"line":19,"column":5}},"6":{"start":{"line":18,"column":6},"end":{"line":18,"column":45}},"7":{"start":{"line":21,"column":4},"end":{"line":21,"column":25}},"8":{"start":{"line":25,"column":0},"end":{"line":25,"column":20}}},"fnMap":{"0":{"name":"(anonymous_1)","decl":{"start":{"line":8,"column":2},"end":{"line":8,"column":14}},"loc":{"start":{"line":8,"column":19},"end":{"line":11,"column":3}}},"1":{"name":"(anonymous_2)","decl":{"start":{"line":13,"column":2},"end":{"line":13,"column":8}},"loc":{"start":{"line":13,"column":25},"end":{"line":22,"column":3}}}},"branchMap":{"0":{"loc":{"start":{"line":17,"column":4},"end":{"line":19,"column":5}},"type":"if","locations":[{"start":{"line":17,"column":4},"end":{"line":19,"column":5}}]}},"s":{"0":3,"1":3,"2":5,"3":5,"4":5,"5":5,"6":0,"7":5,"8":3},"f":{"0":5,"1":5},"b":{"0":[0]}}
}
