TN:
SF:src/authorize.ts
FN:11,authorize
FNF:1
FNH:1
FNDA:5,authorize
DA:1,3
DA:4,3
DA:12,5
DA:13,5
DA:14,5
DA:15,5
DA:18,3
LF:7
LH:7
BRDA:14,0,0,0
BRDA:14,1,0,5
BRDA:14,1,1,5
BRF:3
BRH:2
end_of_record
TN:
SF:src/calculate.ts
FN:4,calculate
FN:10,calculateAction
FN:21,(anonymous_2)
FNF:3
FNH:3
FNDA:4,calculate
FNDA:7,calculateAction
FNDA:3,(anonymous_2)
DA:2,3
DA:5,4
DA:6,4
DA:7,4
DA:12,7
DA:13,3
DA:17,4
DA:18,4
DA:19,4
DA:20,4
DA:21,3
DA:23,4
DA:27,0
DA:30,3
LF:14
LH:13
BRDA:12,0,0,3
BRDA:12,1,0,7
BRDA:12,1,1,3
BRDA:17,2,0,4
BRDA:17,3,0,4
BRDA:17,3,1,4
BRDA:20,4,0,2
BRDA:20,5,0,4
BRDA:20,5,1,4
BRF:9
BRH:9
end_of_record
TN:
SF:src/common/db.ts
FN:19,(anonymous_0)
FN:26,(anonymous_1)
FNF:2
FNH:2
FNDA:3,(anonymous_0)
FNDA:3,(anonymous_1)
DA:1,3
DA:3,3
DA:4,3
DA:17,3
DA:19,3
DA:20,3
DA:21,3
DA:22,3
DA:23,3
DA:26,3
DA:27,3
DA:28,3
DA:29,3
DA:32,3
LF:14
LH:14
BRDA:6,0,0,3
BRDA:6,0,1,3
BRDA:19,1,0,3
BRDA:19,1,1,3
BRDA:26,2,0,3
BRDA:26,2,1,3
BRF:6
BRH:6
end_of_record
TN:
SF:src/handlers/counter.ts
FN:4,(anonymous_0)
FN:6,(anonymous_1)
FNF:2
FNH:2
FNDA:3,(anonymous_0)
FNDA:1,(anonymous_1)
DA:5,3
DA:6,1
DA:16,3
LF:3
LH:3
BRDA:5,0,0,3
BRDA:5,0,1,0
BRF:2
BRH:1
end_of_record
TN:
SF:src/handlers/index.ts
FN:5,(anonymous_1)
FNF:1
FNH:1
FNDA:12,(anonymous_1)
DA:1,3
DA:2,3
DA:6,12
DA:7,12
DA:8,5
DA:12,3
LF:6
LH:6
BRDA:6,0,0,12
BRDA:6,0,1,12
BRDA:7,1,0,7
BRDA:8,2,0,2
BRF:4
BRH:4
end_of_record
TN:
SF:src/handlers/newest.ts
FN:4,(anonymous_0)
FN:7,(anonymous_1)
FNF:2
FNH:2
FNDA:1,(anonymous_0)
FNDA:2,(anonymous_1)
DA:5,1
DA:7,1
DA:8,2
DA:9,2
DA:10,1
DA:11,1
DA:16,3
LF:7
LH:7
BRDA:5,0,0,0
BRDA:5,1,0,1
BRDA:5,1,1,1
BRDA:8,2,0,0
BRDA:8,3,0,2
BRDA:8,3,1,2
BRDA:9,4,0,1
BRDA:9,5,0,2
BRDA:9,5,1,1
BRDA:10,6,0,0
BRDA:10,6,1,1
BRF:11
BRH:8
end_of_record
TN:
SF:src/models/action.ts
FN:15,(anonymous_1)
FN:25,(anonymous_2)
FN:36,(anonymous_3)
FN:50,(anonymous_4)
FN:62,(anonymous_5)
FN:63,(anonymous_6)
FNF:6
FNH:5
FNDA:12,(anonymous_1)
FNDA:9,(anonymous_2)
FNDA:0,(anonymous_3)
FNDA:4,(anonymous_4)
FNDA:20,(anonymous_5)
FNDA:3,(anonymous_6)
DA:1,3
DA:3,3
DA:4,3
DA:6,3
DA:16,12
DA:17,12
DA:18,12
DA:19,12
DA:20,12
DA:21,12
DA:22,12
DA:26,9
DA:29,9
DA:30,0
DA:33,9
DA:37,0
DA:43,0
DA:44,0
DA:47,0
DA:51,4
DA:57,4
DA:58,0
DA:62,20
DA:63,4
LF:24
LH:18
BRDA:16,0,0,12
BRDA:16,0,1,12
BRDA:20,1,0,12
BRDA:20,1,1,10
BRDA:29,2,0,0
BRDA:43,3,0,0
BRDA:57,4,0,0
BRF:7
BRH:4
end_of_record
TN:
SF:src/models/role.ts
FN:7,(anonymous_0)
FNF:1
FNH:1
FNDA:17,(anonymous_0)
DA:2,3
DA:3,3
DA:4,3
DA:5,3
DA:8,17
DA:9,13
DA:10,13
DA:11,12
DA:15,3
LF:9
LH:9
BRDA:8,0,0,4
BRDA:9,1,0,0
BRDA:10,2,0,1
BRDA:11,3,0,9
BRF:4
BRH:3
end_of_record
TN:
SF:src/models/user.ts
FN:8,(anonymous_1)
FN:13,(anonymous_2)
FNF:2
FNH:2
FNDA:5,(anonymous_1)
FNDA:5,(anonymous_2)
DA:1,3
DA:2,3
DA:9,5
DA:10,5
DA:14,5
DA:17,5
DA:18,0
DA:21,5
DA:25,3
LF:9
LH:8
BRDA:17,0,0,0
BRF:1
BRH:0
end_of_record
